2016-02-03 05:39:46 Debug: Notice (8): Undefined index: nomenclature in [C:\wamp\www\api\views\subjects\index.ctp, line 33]
2016-02-03 05:40:35 Debug: Notice (8): Undefined index: nomenclature in [C:\wamp\www\api\views\subjects\index.ctp, line 33]
2016-02-03 05:40:36 Debug: Notice (8): Undefined index: nomenclature in [C:\wamp\www\api\views\subjects\index.ctp, line 33]
2016-02-03 05:40:37 Debug: Notice (8): Undefined index: nomenclature in [C:\wamp\www\api\views\subjects\index.ctp, line 33]
2016-02-03 05:40:38 Debug: Notice (8): Undefined index: nomenclature in [C:\wamp\www\api\views\subjects\index.ctp, line 33]
2016-02-03 05:40:38 Debug: Notice (8): Undefined index: nomenclature in [C:\wamp\www\api\views\subjects\index.ctp, line 33]
2016-02-03 11:50:06 Debug: Notice (8): Undefined property: RecordbooksController::$MeasurableItem in [C:\wamp\www\api\controllers\recordbooks_controller.php, line 153]
2016-02-03 12:00:10 Debug: Notice (8): Undefined property: RecordbooksController::$MeasurableItem in [C:\wamp\www\api\controllers\recordbooks_controller.php, line 153]
2016-02-03 12:02:12 Debug: Notice (8): Undefined property: RecordbooksController::$MeasurableItem in [C:\wamp\www\api\controllers\recordbooks_controller.php, line 153]
2016-02-03 12:42:31 Debug: Notice (8): Undefined index: id in [C:\wamp\www\api\controllers\recordbooks_controller.php, line 88]
2016-02-03 12:42:31 Debug: Notice (8): Undefined index: TemplateId in [C:\wamp\www\api\controllers\recordbooks_controller.php, line 90]
2016-02-03 12:42:31 Debug: Notice (8): Undefined index: id in [C:\wamp\www\api\controllers\recordbooks_controller.php, line 88]
2016-02-03 12:42:31 Debug: Notice (8): Undefined index: TemplateId in [C:\wamp\www\api\controllers\recordbooks_controller.php, line 90]
2016-02-03 12:47:33 Debug: Notice (8): Undefined property: RecordbooksController::$MeasurableItem in [C:\wamp\www\api\controllers\recordbooks_controller.php, line 153]
2016-02-03 12:48:55 Debug: Notice (8): Undefined index: id in [C:\wamp\www\api\controllers\recordbooks_controller.php, line 88]
2016-02-03 12:48:55 Debug: Notice (8): Undefined index: TemplateId in [C:\wamp\www\api\controllers\recordbooks_controller.php, line 90]
2016-02-03 12:53:31 Debug: Notice (8): Undefined index: id in [C:\wamp\www\api\controllers\recordbooks_controller.php, line 88]
2016-02-03 12:53:31 Debug: Notice (8): Undefined index: TemplateId in [C:\wamp\www\api\controllers\recordbooks_controller.php, line 90]
2016-02-03 12:54:45 Debug: Notice (8): Undefined index: id in [C:\wamp\www\api\controllers\recordbooks_controller.php, line 88]
2016-02-03 12:54:45 Debug: Notice (8): Undefined index: TemplateId in [C:\wamp\www\api\controllers\recordbooks_controller.php, line 90]
2016-02-03 12:55:10 Debug: Notice (8): Undefined index: id in [C:\wamp\www\api\controllers\recordbooks_controller.php, line 88]
2016-02-03 12:55:10 Debug: Notice (8): Undefined index: TemplateId in [C:\wamp\www\api\controllers\recordbooks_controller.php, line 90]
2016-02-03 12:57:05 Debug: Notice (8): Undefined index: id in [C:\wamp\www\api\controllers\recordbooks_controller.php, line 88]
2016-02-03 12:57:05 Debug: Notice (8): Undefined index: TemplateId in [C:\wamp\www\api\controllers\recordbooks_controller.php, line 90]
2016-02-03 12:58:02 Debug: Notice (8): Undefined index: id in [C:\wamp\www\api\controllers\recordbooks_controller.php, line 89]
2016-02-03 12:58:02 Debug: Notice (8): Undefined index: TemplateId in [C:\wamp\www\api\controllers\recordbooks_controller.php, line 91]
2016-02-03 13:02:57 Debug: Notice (8): Undefined variable: resul in [C:\wamp\www\api\controllers\system_defaults_controller.php, line 64]
2016-02-03 13:05:52 Debug: Notice (8): Undefined index: value in [C:\wamp\www\api\controllers\system_defaults_controller.php, line 66]
2016-02-03 13:27:22 Debug: Notice (8): Undefined index: ActivePeriod in [C:\wamp\www\api\controllers\recordbooks_controller.php, line 70]
2016-02-03 13:50:09 Debug: Notice (8): Undefined property: RecordbooksController::$Tempalate in [C:\wamp\www\api\controllers\recordbooks_controller.php, line 109]
2016-02-03 13:50:33 Debug: Notice (8): Undefined property: RecordbooksController::$Tempalate in [C:\wamp\www\api\controllers\recordbooks_controller.php, line 109]
2016-02-03 14:06:01 Debug: Notice (8): Undefined property: RecordbooksController::$RecordBook in [C:\wamp\www\api\controllers\recordbooks_controller.php, line 124]
2016-02-03 14:11:20 Debug: Notice (8): Undefined index: id in [C:\wamp\www\api\controllers\recordbooks_controller.php, line 91]
2016-02-03 14:11:20 Debug: Notice (8): Undefined index: TemplateId in [C:\wamp\www\api\controllers\recordbooks_controller.php, line 93]
2016-02-03 14:13:01 Debug: Notice (8): Undefined index: id in [C:\wamp\www\api\controllers\recordbooks_controller.php, line 91]
2016-02-03 14:13:01 Debug: Notice (8): Undefined index: TemplateId in [C:\wamp\www\api\controllers\recordbooks_controller.php, line 93]
2016-02-03 14:13:29 Debug: Notice (8): Undefined index: id in [C:\wamp\www\api\controllers\recordbooks_controller.php, line 91]
2016-02-03 14:13:29 Debug: Notice (8): Undefined index: TemplateId in [C:\wamp\www\api\controllers\recordbooks_controller.php, line 93]
2016-02-03 14:37:31 Debug: Notice (8): Undefined index: RecordbookId in [C:\wamp\www\api\controllers\recordbooks_controller.php, line 90]
2016-02-03 14:37:31 Debug: Notice (8): Undefined index: TemplateId in [C:\wamp\www\api\controllers\recordbooks_controller.php, line 92]
2016-02-03 14:37:54 Debug: Notice (8): Undefined index: RecordbookId in [C:\wamp\www\api\controllers\recordbooks_controller.php, line 90]
2016-02-03 14:37:54 Debug: Notice (8): Undefined index: TemplateId in [C:\wamp\www\api\controllers\recordbooks_controller.php, line 92]
2016-02-03 14:43:09 Debug: Notice (8): Undefined index: TemplateId in [C:\wamp\www\api\controllers\recordbooks_controller.php, line 92]
2016-02-03 14:44:05 Debug: Notice (8): Undefined index: TemplateId in [C:\wamp\www\api\controllers\recordbooks_controller.php, line 92]
2016-02-03 14:54:23 Debug: Notice (8): Undefined index: TemplateId in [C:\wamp\www\api\controllers\recordbooks_controller.php, line 92]
2016-02-03 14:54:57 Debug: Notice (8): Undefined index: TemplateId in [C:\wamp\www\api\controllers\recordbooks_controller.php, line 92]
2016-02-03 15:47:36 Debug: Notice (8): Undefined index: MeasurableItem in [C:\wamp\www\api\controllers\recordbooks_controller.php, line 224]
2016-02-03 16:19:24 Debug: Notice (8): Undefined index: is_item in [C:\wamp\www\api\controllers\recordbooks_controller.php, line 225]
2016-02-03 16:19:27 Debug: Notice (8): Undefined index: is_item in [C:\wamp\www\api\controllers\recordbooks_controller.php, line 225]
2016-02-03 16:20:28 Debug: Notice (8): Undefined index: is_item in [C:\wamp\www\api\controllers\recordbooks_controller.php, line 225]
2016-02-04 14:01:26 Debug: Notice (8): Undefined index: TemplateId in [C:\wamp\www\api\controllers\recordbooks_controller.php, line 91]
