2016-02-03 04:39:55 Warning: Warning (512): <span style="color:Red;text-align:left"><b>SQL Error:</b> 1062: Duplicate entry '' for key 'PRIMARY'</span> in [C:\cake\libs\model\datasources\dbo_source.php, line 684]
2016-02-03 11:50:06 Warning: Warning (512): <span style="color:Red;text-align:left"><b>SQL Error:</b> 1054: Unknown column 'RecordbookDetail.period_id' in 'where clause'</span> in [C:\cake\libs\model\datasources\dbo_source.php, line 684]
2016-02-03 12:00:10 Warning: Warning (512): <span style="color:Red;text-align:left"><b>SQL Error:</b> 1054: Unknown column 'RecordbookDetail.period_id' in 'where clause'</span> in [C:\cake\libs\model\datasources\dbo_source.php, line 684]
2016-02-03 12:02:12 Warning: Warning (512): <span style="color:Red;text-align:left"><b>SQL Error:</b> 1054: Unknown column 'RecordbookDetail.period_id' in 'where clause'</span> in [C:\cake\libs\model\datasources\dbo_source.php, line 684]
2016-02-03 12:42:31 Warning: Warning (512): <span style="color:Red;text-align:left"><b>SQL Error:</b> 1054: Unknown column 'RecordbookDetail.period_id' in 'where clause'</span> in [C:\cake\libs\model\datasources\dbo_source.php, line 684]
2016-02-03 12:42:31 Warning: Warning (512): <span style="color:Red;text-align:left"><b>SQL Error:</b> 1048: Column 'recordbook_id' cannot be null</span> in [C:\cake\libs\model\datasources\dbo_source.php, line 684]
2016-02-03 12:42:31 Warning: Warning (512): <span style="color:Red;text-align:left"><b>SQL Error:</b> 1064: You have an error in your SQL syntax; check the manual that corresponds to your MySQL server version for the right syntax to use near ')' at line 32</span> in [C:\cake\libs\model\datasources\dbo_source.php, line 684]
2016-02-03 12:42:31 Warning: Warning (2): Invalid argument supplied for foreach() in [C:\wamp\www\api\controllers\recordbooks_controller.php, line 149]
2016-02-03 12:42:31 Warning: Warning (512): <span style="color:Red;text-align:left"><b>SQL Error:</b> 1054: Unknown column 'RecordbookDetail.period_id' in 'where clause'</span> in [C:\cake\libs\model\datasources\dbo_source.php, line 684]
2016-02-03 12:42:31 Warning: Warning (512): <span style="color:Red;text-align:left"><b>SQL Error:</b> 1048: Column 'recordbook_id' cannot be null</span> in [C:\cake\libs\model\datasources\dbo_source.php, line 684]
2016-02-03 12:42:31 Warning: Warning (512): <span style="color:Red;text-align:left"><b>SQL Error:</b> 1064: You have an error in your SQL syntax; check the manual that corresponds to your MySQL server version for the right syntax to use near ')' at line 32</span> in [C:\cake\libs\model\datasources\dbo_source.php, line 684]
2016-02-03 12:42:31 Warning: Warning (2): Invalid argument supplied for foreach() in [C:\wamp\www\api\controllers\recordbooks_controller.php, line 149]
2016-02-03 12:47:33 Warning: Warning (512): <span style="color:Red;text-align:left"><b>SQL Error:</b> 1054: Unknown column 'RecordbookDetail.period_id' in 'where clause'</span> in [C:\cake\libs\model\datasources\dbo_source.php, line 684]
2016-02-03 12:48:55 Warning: Warning (512): <span style="color:Red;text-align:left"><b>SQL Error:</b> 1054: Unknown column 'RecordbookDetail.period_id' in 'where clause'</span> in [C:\cake\libs\model\datasources\dbo_source.php, line 684]
2016-02-03 12:48:55 Warning: Warning (512): <span style="color:Red;text-align:left"><b>SQL Error:</b> 1048: Column 'recordbook_id' cannot be null</span> in [C:\cake\libs\model\datasources\dbo_source.php, line 684]
2016-02-03 12:48:55 Warning: Warning (512): <span style="color:Red;text-align:left"><b>SQL Error:</b> 1064: You have an error in your SQL syntax; check the manual that corresponds to your MySQL server version for the right syntax to use near ')' at line 32</span> in [C:\cake\libs\model\datasources\dbo_source.php, line 684]
2016-02-03 12:48:55 Warning: Warning (2): Invalid argument supplied for foreach() in [C:\wamp\www\api\controllers\recordbooks_controller.php, line 149]
2016-02-03 12:53:31 Warning: Warning (512): <span style="color:Red;text-align:left"><b>SQL Error:</b> 1054: Unknown column 'RecordbookDetail.period_id' in 'where clause'</span> in [C:\cake\libs\model\datasources\dbo_source.php, line 684]
2016-02-03 12:53:31 Warning: Warning (512): <span style="color:Red;text-align:left"><b>SQL Error:</b> 1048: Column 'recordbook_id' cannot be null</span> in [C:\cake\libs\model\datasources\dbo_source.php, line 684]
2016-02-03 12:53:31 Warning: Warning (512): <span style="color:Red;text-align:left"><b>SQL Error:</b> 1064: You have an error in your SQL syntax; check the manual that corresponds to your MySQL server version for the right syntax to use near ')' at line 32</span> in [C:\cake\libs\model\datasources\dbo_source.php, line 684]
2016-02-03 12:53:31 Warning: Warning (2): Invalid argument supplied for foreach() in [C:\wamp\www\api\controllers\recordbooks_controller.php, line 149]
2016-02-03 12:54:45 Warning: Warning (512): <span style="color:Red;text-align:left"><b>SQL Error:</b> 1054: Unknown column 'RecordbookDetail.period_id' in 'where clause'</span> in [C:\cake\libs\model\datasources\dbo_source.php, line 684]
2016-02-03 12:54:45 Warning: Warning (512): <span style="color:Red;text-align:left"><b>SQL Error:</b> 1048: Column 'recordbook_id' cannot be null</span> in [C:\cake\libs\model\datasources\dbo_source.php, line 684]
2016-02-03 12:54:45 Warning: Warning (512): <span style="color:Red;text-align:left"><b>SQL Error:</b> 1064: You have an error in your SQL syntax; check the manual that corresponds to your MySQL server version for the right syntax to use near ')' at line 31</span> in [C:\cake\libs\model\datasources\dbo_source.php, line 684]
2016-02-03 12:54:45 Warning: Warning (2): Invalid argument supplied for foreach() in [C:\wamp\www\api\controllers\recordbooks_controller.php, line 149]
2016-02-03 12:55:10 Warning: Warning (512): <span style="color:Red;text-align:left"><b>SQL Error:</b> 1054: Unknown column 'RecordbookDetail.period_id' in 'where clause'</span> in [C:\cake\libs\model\datasources\dbo_source.php, line 684]
2016-02-03 12:55:10 Warning: Warning (512): <span style="color:Red;text-align:left"><b>SQL Error:</b> 1048: Column 'recordbook_id' cannot be null</span> in [C:\cake\libs\model\datasources\dbo_source.php, line 684]
2016-02-03 12:55:10 Warning: Warning (512): <span style="color:Red;text-align:left"><b>SQL Error:</b> 1064: You have an error in your SQL syntax; check the manual that corresponds to your MySQL server version for the right syntax to use near ')' at line 31</span> in [C:\cake\libs\model\datasources\dbo_source.php, line 684]
2016-02-03 12:55:10 Warning: Warning (2): Invalid argument supplied for foreach() in [C:\wamp\www\api\controllers\recordbooks_controller.php, line 149]
2016-02-03 13:08:20 Warning: Warning (2): unlink(C:\wamp\www\api\tmp\cache\persistent\cake_core_default_en-us) [<a href='http://php.net/function.unlink'>function.unlink</a>]: No such file or directory in [C:\cake\libs\file.php, line 298]
2016-02-03 13:08:20 Warning: Warning (2): unlink(C:\wamp\www\api\tmp\cache\models\cake_model_sy_db_erb_school_sy_list) [<a href='http://php.net/function.unlink'>function.unlink</a>]: No such file or directory in [C:\cake\libs\file.php, line 298]
2016-02-03 14:11:20 Warning: Warning (2): Invalid argument supplied for foreach() in [C:\wamp\www\api\controllers\recordbooks_controller.php, line 113]
2016-02-03 14:11:20 Warning: Warning (2): Invalid argument supplied for foreach() in [C:\wamp\www\api\controllers\recordbooks_controller.php, line 160]
2016-02-03 14:13:01 Warning: Warning (2): Invalid argument supplied for foreach() in [C:\wamp\www\api\controllers\recordbooks_controller.php, line 113]
2016-02-03 14:13:29 Warning: Warning (2): Invalid argument supplied for foreach() in [C:\wamp\www\api\controllers\recordbooks_controller.php, line 113]
2016-02-03 14:37:31 Warning: Warning (2): Invalid argument supplied for foreach() in [C:\wamp\www\api\controllers\recordbooks_controller.php, line 112]
2016-02-03 14:37:32 Warning: Warning (2): Invalid argument supplied for foreach() in [C:\wamp\www\api\controllers\recordbooks_controller.php, line 158]
2016-02-03 14:37:54 Warning: Warning (2): Invalid argument supplied for foreach() in [C:\wamp\www\api\controllers\recordbooks_controller.php, line 112]
2016-02-03 14:37:54 Warning: Warning (2): Invalid argument supplied for foreach() in [C:\wamp\www\api\controllers\recordbooks_controller.php, line 158]
2016-02-03 15:28:20 Warning: Warning (2): unlink(C:\wamp\www\api\tmp\cache\persistent\cake_core_default_en-us) [<a href='http://php.net/function.unlink'>function.unlink</a>]: No such file or directory in [C:\cake\libs\file.php, line 298]
2016-02-03 15:28:20 Warning: Warning (2): unlink(C:\wamp\www\api\tmp\cache\persistent\cake_core_default_en-us) [<a href='http://php.net/function.unlink'>function.unlink</a>]: No such file or directory in [C:\cake\libs\file.php, line 298]
2016-02-03 15:28:20 Warning: Warning (2): unlink(C:\wamp\www\api\tmp\cache\models\cake_model_sy_db_recordbook_details) [<a href='http://php.net/function.unlink'>function.unlink</a>]: No such file or directory in [C:\cake\libs\file.php, line 298]
2016-02-04 11:46:04 Warning: Warning (2): Invalid argument supplied for foreach() in [C:\wamp\www\api\controllers\recordbooks_controller.php, line 102]
2016-02-04 11:46:04 Warning: Warning (2): Invalid argument supplied for foreach() in [C:\wamp\www\api\controllers\recordbooks_controller.php, line 141]
2016-02-04 11:59:12 Warning: Warning (2): Invalid argument supplied for foreach() in [C:\wamp\www\api\controllers\recordbooks_controller.php, line 102]
